<?xml version="1.0" encoding="UTF-8"?>
<testsuite name="selenium.BasicTest" tests="1" skipped="0" failures="0" errors="0" timestamp="2021-10-28T07:35:57" hostname="DESKTOP-H58DQ9D" time="17.005">
  <properties/>
  <testcase name="testGoogleSearch" classname="selenium.BasicTest" time="17.005"/>
  <system-out><![CDATA[select country Norway
]]></system-out>
  <system-err><![CDATA[SLF4J: Failed to load class "org.slf4j.impl.StaticLoggerBinder".
SLF4J: Defaulting to no-operation (NOP) logger implementation
SLF4J: See http://www.slf4j.org/codes.html#StaticLoggerBinder for further details.
Starting ChromeDriver 95.0.4638.17 (a9d0719444d4b035e284ed1fce73bf6ccd789df2-refs/branch-heads/4638@{#178}) on port 50775
Only local connections are allowed.
Please see https://chromedriver.chromium.org/security-considerations for suggestions on keeping ChromeDriver safe.
ChromeDriver was started successfully.
Oct 28, 2021 10:36:00 AM org.openqa.selenium.remote.ProtocolHandshake createSession
INFO: Detected dialect: W3C
Oct 28, 2021 10:36:00 AM org.openqa.selenium.devtools.CdpVersionFinder findNearestMatch
INFO: Found exact CDP implementation for version 95
]]></system-err>
</testsuite>
